<?xml version="1.0" encoding="UTF-8"?>
<!-- Generated by org.testng.reporters.JUnitReportReporter -->
<testsuite hostname="DESKTOP-N132HI4" failures="0" tests="1" name="allTestCasesClass.Testcasespassword" time="0.004" errors="0" timestamp="2021-11-03T14:01:31 IST" skipped="0">
  <testcase classname="allTestCasesClass.Testcasespassword" name="checkpassword" time="0.004"/>
  <system-out/>
</testsuite> <!-- allTestCasesClass.Testcasespassword -->
