<?xml version="1.0" encoding="UTF-8"?>
<!-- Generated by org.testng.reporters.JUnitReportReporter -->
<testsuite hostname="DESKTOP-N132HI4" failures="0" tests="1" name="allTestCasesClass.Testcaselogin" time="0.006" errors="0" timestamp="2021-11-03T13:52:01 IST" skipped="0">
  <testcase classname="allTestCasesClass.Testcaselogin" name="checklogin" time="0.006"/>
  <system-out/>
</testsuite> <!-- allTestCasesClass.Testcaselogin -->
