<?xml version="1.0" encoding="UTF-8"?>
<!-- Generated by org.testng.reporters.JUnitReportReporter -->
<testsuite hostname="DESKTOP-N132HI4" failures="0" tests="1" name="allTestCasesClass.TestcaseId" time="0.014" errors="0" timestamp="2021-11-03T14:01:31 IST" skipped="0">
  <testcase classname="allTestCasesClass.TestcaseId" name="checkid" time="0.014"/>
  <system-out/>
</testsuite> <!-- allTestCasesClass.TestcaseId -->
